+ source /nominatim_env.sh
++ export PYTHONUNBUFFERED=1
++ PYTHONUNBUFFERED=1
++ export HOSTNAME=bf2004237c7b
++ HOSTNAME=bf2004237c7b
++ export PGPORT=5432
++ PGPORT=5432
++ export USER_AGENT=mediagis/nominatim-docker:5.1.0
++ USER_AGENT=mediagis/nominatim-docker:5.1.0
++ export 'PGPASSWORD=Oussama0909!'
++ PGPASSWORD='Oussama0909!'
++ export PBF_URL=https://download.geofabrik.de/europe/monaco-latest.osm.pbf
++ PBF_URL=https://download.geofabrik.de/europe/monaco-latest.osm.pbf
++ export 'NOMINATIM_PASSWORD=Oussama0909!'
++ NOMINATIM_PASSWORD='Oussama0909!'
++ export PGSSLCERT=/tmp/postgresql.crt
++ PGSSLCERT=/tmp/postgresql.crt
++ export PROJECT_DIR=/nominatim
++ PROJECT_DIR=/nominatim
++ export PWD=/nominatim
++ PWD=/nominatim
++ export IMPORT_WIKIPEDIA=true
++ IMPORT_WIKIPEDIA=true
++ export HOME=/root
++ HOME=/root
++ export LANG=C.utf8
++ LANG=C.utf8
++ export VIRTUAL_ENV=/opt/nominatim-venv
++ VIRTUAL_ENV=/opt/nominatim-venv
++ export PGUSER=postgres
++ PGUSER=postgres
++ export TERM=xterm
++ TERM=xterm
++ export SHLVL=2
++ SHLVL=2
++ export PGDATABASE=nominatimdb
++ PGDATABASE=nominatimdb
++ export LD_LIBRARY_PATH=/usr/pgsql-16/lib
++ LD_LIBRARY_PATH=/usr/pgsql-16/lib
++ export PGHOST=nominatimdb.c7gqmm4ayxos.eu-west-3.rds.amazonaws.com
++ PGHOST=nominatimdb.c7gqmm4ayxos.eu-west-3.rds.amazonaws.com
++ export DEBUGINFOD_IMA_CERT_PATH=/etc/keys/ima:
++ DEBUGINFOD_IMA_CERT_PATH=/etc/keys/ima:
++ export which_declare=declare -f
++ which_declare=declare
/nominatim_env.sh: line 22: export: `-f': not a valid identifier
++ export PATH=/root/.local/bin:/root/bin:/usr/pgsql-16/bin:/opt/nominatim-venv/bin:/usr/local/sbin:/usr/local/bin:/usr/sbin:/usr/bin:/sbin:/bin
++ PATH=/root/.local/bin:/root/bin:/usr/pgsql-16/bin:/opt/nominatim-venv/bin:/usr/local/sbin:/usr/local/bin:/usr/sbin:/usr/bin:/sbin:/bin
/nominatim_env.sh: line 24: syntax error near unexpected token `('
/nominatim_env.sh: line 24: `export BASH_FUNC_which%%=() {  ( alias;'
+ cd /nominatim
+ nominatim replication --catch-up --threads 15
2025-06-26 12:56:04: Using project directory: /nominatim
2025-06-26 12:56:08: Starting indexing rank (0 to 4) using 15 threads
2025-06-26 12:56:09: Starting rank 1 (using batch size 1)
2025-06-26 12:56:09: Done 0/0 in 0 @ 0.000 per second - FINISHED rank 1

2025-06-26 12:56:09: Starting rank 2 (using batch size 1)
2025-06-26 12:56:09: Done 0/0 in 0 @ 0.000 per second - FINISHED rank 2

2025-06-26 12:56:09: Starting rank 3 (using batch size 1)
2025-06-26 12:56:09: Done 0/0 in 0 @ 0.000 per second - FINISHED rank 3

2025-06-26 12:56:09: Starting rank 4 (using batch size 1)
2025-06-26 12:56:09: Done 0/0 in 0 @ 0.000 per second - FINISHED rank 4

2025-06-26 12:56:09: Starting indexing boundaries using 15 threads
2025-06-26 12:56:09: Starting boundaries rank 4 (using batch size 1)
2025-06-26 12:56:09: Done 0/0 in 0 @ 0.000 per second - FINISHED boundaries rank 4

2025-06-26 12:56:09: Starting boundaries rank 5 (using batch size 1)
2025-06-26 12:56:09: Done 0/0 in 0 @ 0.000 per second - FINISHED boundaries rank 5

2025-06-26 12:56:09: Starting boundaries rank 6 (using batch size 1)
2025-06-26 12:56:09: Done 0/0 in 0 @ 0.000 per second - FINISHED boundaries rank 6

2025-06-26 12:56:09: Starting boundaries rank 7 (using batch size 1)
2025-06-26 12:56:09: Done 0/0 in 0 @ 0.000 per second - FINISHED boundaries rank 7

2025-06-26 12:56:09: Starting boundaries rank 8 (using batch size 1)
2025-06-26 12:56:09: Done 0/0 in 0 @ 0.000 per second - FINISHED boundaries rank 8

2025-06-26 12:56:09: Starting boundaries rank 9 (using batch size 1)
2025-06-26 12:56:09: Done 0/0 in 0 @ 0.000 per second - FINISHED boundaries rank 9

2025-06-26 12:56:09: Starting boundaries rank 10 (using batch size 1)
2025-06-26 12:56:09: Done 0/0 in 0 @ 0.000 per second - FINISHED boundaries rank 10

2025-06-26 12:56:09: Starting boundaries rank 11 (using batch size 1)
2025-06-26 12:56:09: Done 0/0 in 0 @ 0.000 per second - FINISHED boundaries rank 11

2025-06-26 12:56:09: Starting boundaries rank 12 (using batch size 1)
2025-06-26 12:56:09: Done 0/0 in 0 @ 0.000 per second - FINISHED boundaries rank 12

2025-06-26 12:56:09: Starting boundaries rank 13 (using batch size 1)
2025-06-26 12:56:09: Done 0/0 in 0 @ 0.000 per second - FINISHED boundaries rank 13

2025-06-26 12:56:09: Starting boundaries rank 14 (using batch size 1)
2025-06-26 12:56:09: Done 0/0 in 0 @ 0.000 per second - FINISHED boundaries rank 14

2025-06-26 12:56:09: Starting boundaries rank 15 (using batch size 1)
2025-06-26 12:56:09: Done 0/0 in 0 @ 0.000 per second - FINISHED boundaries rank 15

2025-06-26 12:56:09: Starting boundaries rank 16 (using batch size 1)
2025-06-26 12:56:09: Done 0/0 in 0 @ 0.000 per second - FINISHED boundaries rank 16

2025-06-26 12:56:09: Starting boundaries rank 17 (using batch size 1)
2025-06-26 12:56:09: Done 0/0 in 0 @ 0.000 per second - FINISHED boundaries rank 17

2025-06-26 12:56:09: Starting boundaries rank 18 (using batch size 1)
2025-06-26 12:56:09: Done 0/0 in 0 @ 0.000 per second - FINISHED boundaries rank 18

2025-06-26 12:56:09: Starting boundaries rank 19 (using batch size 1)
2025-06-26 12:56:09: Done 0/0 in 0 @ 0.000 per second - FINISHED boundaries rank 19

2025-06-26 12:56:09: Starting boundaries rank 20 (using batch size 1)
2025-06-26 12:56:09: Done 0/0 in 0 @ 0.000 per second - FINISHED boundaries rank 20

2025-06-26 12:56:09: Starting boundaries rank 21 (using batch size 1)
2025-06-26 12:56:09: Done 0/0 in 0 @ 0.000 per second - FINISHED boundaries rank 21

2025-06-26 12:56:09: Starting boundaries rank 22 (using batch size 1)
2025-06-26 12:56:09: Done 0/0 in 0 @ 0.000 per second - FINISHED boundaries rank 22

2025-06-26 12:56:09: Starting boundaries rank 23 (using batch size 1)
2025-06-26 12:56:09: Done 0/0 in 0 @ 0.000 per second - FINISHED boundaries rank 23

2025-06-26 12:56:09: Starting boundaries rank 24 (using batch size 1)
2025-06-26 12:56:09: Done 0/0 in 0 @ 0.000 per second - FINISHED boundaries rank 24

2025-06-26 12:56:09: Starting boundaries rank 25 (using batch size 1)
2025-06-26 12:56:09: Done 0/0 in 0 @ 0.000 per second - FINISHED boundaries rank 25

2025-06-26 12:56:09: Starting indexing rank (5 to 25) using 15 threads
2025-06-26 12:56:10: Starting rank 5 (using batch size 1)
2025-06-26 12:56:10: Done 0/0 in 0 @ 0.000 per second - FINISHED rank 5

2025-06-26 12:56:10: Starting rank 6 (using batch size 1)
2025-06-26 12:56:10: Done 0/0 in 0 @ 0.000 per second - FINISHED rank 6

2025-06-26 12:56:10: Starting rank 7 (using batch size 1)
2025-06-26 12:56:10: Done 0/0 in 0 @ 0.000 per second - FINISHED rank 7

2025-06-26 12:56:10: Starting rank 8 (using batch size 1)
2025-06-26 12:56:10: Done 0/0 in 0 @ 0.000 per second - FINISHED rank 8

2025-06-26 12:56:10: Starting rank 9 (using batch size 1)
2025-06-26 12:56:10: Done 0/0 in 0 @ 0.000 per second - FINISHED rank 9

2025-06-26 12:56:10: Starting rank 10 (using batch size 1)
2025-06-26 12:56:10: Done 0/0 in 0 @ 0.000 per second - FINISHED rank 10

2025-06-26 12:56:10: Starting rank 11 (using batch size 1)
2025-06-26 12:56:10: Done 0/0 in 0 @ 0.000 per second - FINISHED rank 11

2025-06-26 12:56:10: Starting rank 12 (using batch size 1)
2025-06-26 12:56:10: Done 0/0 in 0 @ 0.000 per second - FINISHED rank 12

2025-06-26 12:56:10: Starting rank 13 (using batch size 1)
2025-06-26 12:56:10: Done 0/0 in 0 @ 0.000 per second - FINISHED rank 13

2025-06-26 12:56:10: Starting rank 14 (using batch size 1)
2025-06-26 12:56:10: Done 0/0 in 0 @ 0.000 per second - FINISHED rank 14

2025-06-26 12:56:10: Starting rank 15 (using batch size 1)
2025-06-26 12:56:10: Done 0/0 in 0 @ 0.000 per second - FINISHED rank 15

2025-06-26 12:56:10: Starting rank 16 (using batch size 1)
2025-06-26 12:56:10: Done 0/0 in 0 @ 0.000 per second - FINISHED rank 16

2025-06-26 12:56:10: Starting rank 17 (using batch size 1)
2025-06-26 12:56:10: Done 0/0 in 0 @ 0.000 per second - FINISHED rank 17

2025-06-26 12:56:10: Starting rank 18 (using batch size 1)
2025-06-26 12:56:10: Done 0/0 in 0 @ 0.000 per second - FINISHED rank 18

2025-06-26 12:56:10: Starting rank 19 (using batch size 1)
2025-06-26 12:56:10: Done 0/0 in 0 @ 0.000 per second - FINISHED rank 19

2025-06-26 12:56:10: Starting rank 20 (using batch size 1)
2025-06-26 12:56:10: Done 0/0 in 0 @ 0.000 per second - FINISHED rank 20

2025-06-26 12:56:10: Starting rank 21 (using batch size 1)
2025-06-26 12:56:10: Done 0/0 in 0 @ 0.000 per second - FINISHED rank 21

2025-06-26 12:56:10: Starting rank 22 (using batch size 1)
2025-06-26 12:56:10: Done 0/0 in 0 @ 0.000 per second - FINISHED rank 22

2025-06-26 12:56:10: Starting rank 23 (using batch size 1)
2025-06-26 12:56:10: Done 0/0 in 0 @ 0.000 per second - FINISHED rank 23

2025-06-26 12:56:10: Starting rank 24 (using batch size 1)
2025-06-26 12:56:10: Done 0/0 in 0 @ 0.000 per second - FINISHED rank 24

2025-06-26 12:56:10: Starting rank 25 (using batch size 1)
2025-06-26 12:56:10: Done 0/0 in 0 @ 0.000 per second - FINISHED rank 25

2025-06-26 12:56:10: Starting indexing rank (26 to 30) using 15 threads
2025-06-26 12:56:11: Starting rank 26 (using batch size 5)
2025-06-26 12:56:11: Done 0/0 in 0 @ 0.000 per second - FINISHED rank 26

2025-06-26 12:56:11: Starting rank 27 (using batch size 5)
2025-06-26 12:56:11: Done 0/0 in 0 @ 0.000 per second - FINISHED rank 27

2025-06-26 12:56:11: Starting rank 28 (using batch size 5)
2025-06-26 12:56:11: Done 0/0 in 0 @ 0.000 per second - FINISHED rank 28

2025-06-26 12:56:11: Starting rank 29 (using batch size 5)
2025-06-26 12:56:11: Done 0/0 in 0 @ 0.000 per second - FINISHED rank 29

2025-06-26 12:56:11: Starting rank 30 (using batch size 20)
2025-06-26 12:56:11: Done 0/0 in 0 @ 0.000 per second - FINISHED rank 30

2025-06-26 12:56:11: Starting rank 0 (using batch size 1)
2025-06-26 12:56:11: Done 0/0 in 0 @ 0.000 per second - FINISHED rank 0

2025-06-26 12:56:11: Starting interpolation lines (location_property_osmline) (using batch size 20)
2025-06-26 12:56:11: Done 0/0 in 0 @ 0.000 per second - FINISHED interpolation lines (location_property_osmline)

2025-06-26 12:56:11: Starting indexing postcodes using 15 threads
2025-06-26 12:56:11: Starting postcodes (location_postcode) (using batch size 20)
2025-06-26 12:56:11: Done 0/0 in 0 @ 0.000 per second - FINISHED postcodes (location_postcode)

2025-06-26 12:56:12: Update completed. Import: 0:00:04. Total: 0:00:04. Remaining backlog: 16:35:32.
+ source /nominatim_env.sh
++ export PYTHONUNBUFFERED=1
++ PYTHONUNBUFFERED=1
++ export HOSTNAME=bf2004237c7b
++ HOSTNAME=bf2004237c7b
++ export PGPORT=5432
++ PGPORT=5432
++ export USER_AGENT=mediagis/nominatim-docker:5.1.0
++ USER_AGENT=mediagis/nominatim-docker:5.1.0
++ export 'PGPASSWORD=Oussama0909!'
++ PGPASSWORD='Oussama0909!'
++ export PBF_URL=https://download.geofabrik.de/europe/monaco-latest.osm.pbf
++ PBF_URL=https://download.geofabrik.de/europe/monaco-latest.osm.pbf
++ export 'NOMINATIM_PASSWORD=Oussama0909!'
++ NOMINATIM_PASSWORD='Oussama0909!'
++ export PGSSLCERT=/tmp/postgresql.crt
++ PGSSLCERT=/tmp/postgresql.crt
++ export PROJECT_DIR=/nominatim
++ PROJECT_DIR=/nominatim
++ export PWD=/nominatim
++ PWD=/nominatim
++ export IMPORT_WIKIPEDIA=true
++ IMPORT_WIKIPEDIA=true
++ export HOME=/root
++ HOME=/root
++ export LANG=C.utf8
++ LANG=C.utf8
++ export VIRTUAL_ENV=/opt/nominatim-venv
++ VIRTUAL_ENV=/opt/nominatim-venv
++ export PGUSER=postgres
++ PGUSER=postgres
++ export TERM=xterm
++ TERM=xterm
++ export SHLVL=2
++ SHLVL=2
++ export PGDATABASE=nominatimdb
++ PGDATABASE=nominatimdb
++ export LD_LIBRARY_PATH=/usr/pgsql-16/lib
++ LD_LIBRARY_PATH=/usr/pgsql-16/lib
++ export PGHOST=nominatimdb.c7gqmm4ayxos.eu-west-3.rds.amazonaws.com
++ PGHOST=nominatimdb.c7gqmm4ayxos.eu-west-3.rds.amazonaws.com
++ export DEBUGINFOD_IMA_CERT_PATH=/etc/keys/ima:
++ DEBUGINFOD_IMA_CERT_PATH=/etc/keys/ima:
++ export which_declare=declare -f
++ which_declare=declare
/nominatim_env.sh: line 22: export: `-f': not a valid identifier
++ export PATH=/root/.local/bin:/root/bin:/usr/pgsql-16/bin:/opt/nominatim-venv/bin:/usr/local/sbin:/usr/local/bin:/usr/sbin:/usr/bin:/sbin:/bin
++ PATH=/root/.local/bin:/root/bin:/usr/pgsql-16/bin:/opt/nominatim-venv/bin:/usr/local/sbin:/usr/local/bin:/usr/sbin:/usr/bin:/sbin:/bin
/nominatim_env.sh: line 24: syntax error near unexpected token `('
/nominatim_env.sh: line 24: `export BASH_FUNC_which%%=() {  ( alias;'
+ cd /nominatim
+ nominatim replication --catch-up --threads 15
2025-06-26 12:57:05: Using project directory: /nominatim
2025-06-26 12:57:09: Starting indexing rank (0 to 4) using 15 threads
2025-06-26 12:57:09: Starting rank 1 (using batch size 1)
2025-06-26 12:57:09: Done 0/0 in 0 @ 0.000 per second - FINISHED rank 1

2025-06-26 12:57:09: Starting rank 2 (using batch size 1)
2025-06-26 12:57:09: Done 0/0 in 0 @ 0.000 per second - FINISHED rank 2

2025-06-26 12:57:09: Starting rank 3 (using batch size 1)
2025-06-26 12:57:09: Done 0/0 in 0 @ 0.000 per second - FINISHED rank 3

2025-06-26 12:57:09: Starting rank 4 (using batch size 1)
2025-06-26 12:57:09: Done 0/0 in 0 @ 0.000 per second - FINISHED rank 4

2025-06-26 12:57:09: Starting indexing boundaries using 15 threads
2025-06-26 12:57:10: Starting boundaries rank 4 (using batch size 1)
2025-06-26 12:57:10: Done 0/0 in 0 @ 0.000 per second - FINISHED boundaries rank 4

2025-06-26 12:57:10: Starting boundaries rank 5 (using batch size 1)
2025-06-26 12:57:10: Done 0/0 in 0 @ 0.000 per second - FINISHED boundaries rank 5

2025-06-26 12:57:10: Starting boundaries rank 6 (using batch size 1)
2025-06-26 12:57:10: Done 0/0 in 0 @ 0.000 per second - FINISHED boundaries rank 6

2025-06-26 12:57:10: Starting boundaries rank 7 (using batch size 1)
2025-06-26 12:57:10: Done 0/0 in 0 @ 0.000 per second - FINISHED boundaries rank 7

2025-06-26 12:57:10: Starting boundaries rank 8 (using batch size 1)
2025-06-26 12:57:10: Done 0/0 in 0 @ 0.000 per second - FINISHED boundaries rank 8

2025-06-26 12:57:10: Starting boundaries rank 9 (using batch size 1)
2025-06-26 12:57:10: Done 0/0 in 0 @ 0.000 per second - FINISHED boundaries rank 9

2025-06-26 12:57:10: Starting boundaries rank 10 (using batch size 1)
2025-06-26 12:57:10: Done 0/0 in 0 @ 0.000 per second - FINISHED boundaries rank 10

2025-06-26 12:57:10: Starting boundaries rank 11 (using batch size 1)
2025-06-26 12:57:10: Done 0/0 in 0 @ 0.000 per second - FINISHED boundaries rank 11

2025-06-26 12:57:10: Starting boundaries rank 12 (using batch size 1)
2025-06-26 12:57:10: Done 0/0 in 0 @ 0.000 per second - FINISHED boundaries rank 12

2025-06-26 12:57:10: Starting boundaries rank 13 (using batch size 1)
2025-06-26 12:57:10: Done 0/0 in 0 @ 0.000 per second - FINISHED boundaries rank 13

2025-06-26 12:57:10: Starting boundaries rank 14 (using batch size 1)
2025-06-26 12:57:10: Done 0/0 in 0 @ 0.000 per second - FINISHED boundaries rank 14

2025-06-26 12:57:10: Starting boundaries rank 15 (using batch size 1)
2025-06-26 12:57:10: Done 0/0 in 0 @ 0.000 per second - FINISHED boundaries rank 15

2025-06-26 12:57:10: Starting boundaries rank 16 (using batch size 1)
2025-06-26 12:57:10: Done 0/0 in 0 @ 0.000 per second - FINISHED boundaries rank 16

2025-06-26 12:57:10: Starting boundaries rank 17 (using batch size 1)
2025-06-26 12:57:10: Done 0/0 in 0 @ 0.000 per second - FINISHED boundaries rank 17

2025-06-26 12:57:10: Starting boundaries rank 18 (using batch size 1)
2025-06-26 12:57:10: Done 0/0 in 0 @ 0.000 per second - FINISHED boundaries rank 18

2025-06-26 12:57:10: Starting boundaries rank 19 (using batch size 1)
2025-06-26 12:57:10: Done 0/0 in 0 @ 0.000 per second - FINISHED boundaries rank 19

2025-06-26 12:57:10: Starting boundaries rank 20 (using batch size 1)
2025-06-26 12:57:10: Done 0/0 in 0 @ 0.000 per second - FINISHED boundaries rank 20

2025-06-26 12:57:10: Starting boundaries rank 21 (using batch size 1)
2025-06-26 12:57:10: Done 0/0 in 0 @ 0.000 per second - FINISHED boundaries rank 21

2025-06-26 12:57:10: Starting boundaries rank 22 (using batch size 1)
2025-06-26 12:57:10: Done 0/0 in 0 @ 0.000 per second - FINISHED boundaries rank 22

2025-06-26 12:57:10: Starting boundaries rank 23 (using batch size 1)
2025-06-26 12:57:10: Done 0/0 in 0 @ 0.000 per second - FINISHED boundaries rank 23

2025-06-26 12:57:10: Starting boundaries rank 24 (using batch size 1)
2025-06-26 12:57:10: Done 0/0 in 0 @ 0.000 per second - FINISHED boundaries rank 24

2025-06-26 12:57:10: Starting boundaries rank 25 (using batch size 1)
2025-06-26 12:57:10: Done 0/0 in 0 @ 0.000 per second - FINISHED boundaries rank 25

2025-06-26 12:57:10: Starting indexing rank (5 to 25) using 15 threads
2025-06-26 12:57:10: Starting rank 5 (using batch size 1)
2025-06-26 12:57:10: Done 0/0 in 0 @ 0.000 per second - FINISHED rank 5

2025-06-26 12:57:10: Starting rank 6 (using batch size 1)
2025-06-26 12:57:10: Done 0/0 in 0 @ 0.000 per second - FINISHED rank 6

2025-06-26 12:57:10: Starting rank 7 (using batch size 1)
2025-06-26 12:57:10: Done 0/0 in 0 @ 0.000 per second - FINISHED rank 7

2025-06-26 12:57:10: Starting rank 8 (using batch size 1)
2025-06-26 12:57:10: Done 0/0 in 0 @ 0.000 per second - FINISHED rank 8

2025-06-26 12:57:10: Starting rank 9 (using batch size 1)
2025-06-26 12:57:10: Done 0/0 in 0 @ 0.000 per second - FINISHED rank 9

2025-06-26 12:57:10: Starting rank 10 (using batch size 1)
2025-06-26 12:57:10: Done 0/0 in 0 @ 0.000 per second - FINISHED rank 10

2025-06-26 12:57:10: Starting rank 11 (using batch size 1)
2025-06-26 12:57:10: Done 0/0 in 0 @ 0.000 per second - FINISHED rank 11

2025-06-26 12:57:10: Starting rank 12 (using batch size 1)
2025-06-26 12:57:10: Done 0/0 in 0 @ 0.000 per second - FINISHED rank 12

2025-06-26 12:57:10: Starting rank 13 (using batch size 1)
2025-06-26 12:57:10: Done 0/0 in 0 @ 0.000 per second - FINISHED rank 13

2025-06-26 12:57:10: Starting rank 14 (using batch size 1)
2025-06-26 12:57:10: Done 0/0 in 0 @ 0.000 per second - FINISHED rank 14

2025-06-26 12:57:10: Starting rank 15 (using batch size 1)
2025-06-26 12:57:10: Done 0/0 in 0 @ 0.000 per second - FINISHED rank 15

2025-06-26 12:57:10: Starting rank 16 (using batch size 1)
2025-06-26 12:57:10: Done 0/0 in 0 @ 0.000 per second - FINISHED rank 16

2025-06-26 12:57:10: Starting rank 17 (using batch size 1)
2025-06-26 12:57:10: Done 0/0 in 0 @ 0.000 per second - FINISHED rank 17

2025-06-26 12:57:10: Starting rank 18 (using batch size 1)
2025-06-26 12:57:10: Done 0/0 in 0 @ 0.000 per second - FINISHED rank 18

2025-06-26 12:57:10: Starting rank 19 (using batch size 1)
2025-06-26 12:57:10: Done 0/0 in 0 @ 0.000 per second - FINISHED rank 19

2025-06-26 12:57:10: Starting rank 20 (using batch size 1)
2025-06-26 12:57:10: Done 0/0 in 0 @ 0.000 per second - FINISHED rank 20

2025-06-26 12:57:10: Starting rank 21 (using batch size 1)
2025-06-26 12:57:10: Done 0/0 in 0 @ 0.000 per second - FINISHED rank 21

2025-06-26 12:57:10: Starting rank 22 (using batch size 1)
2025-06-26 12:57:10: Done 0/0 in 0 @ 0.000 per second - FINISHED rank 22

2025-06-26 12:57:10: Starting rank 23 (using batch size 1)
2025-06-26 12:57:10: Done 0/0 in 0 @ 0.000 per second - FINISHED rank 23

2025-06-26 12:57:10: Starting rank 24 (using batch size 1)
2025-06-26 12:57:10: Done 0/0 in 0 @ 0.000 per second - FINISHED rank 24

2025-06-26 12:57:10: Starting rank 25 (using batch size 1)
2025-06-26 12:57:10: Done 0/0 in 0 @ 0.000 per second - FINISHED rank 25

2025-06-26 12:57:10: Starting indexing rank (26 to 30) using 15 threads
2025-06-26 12:57:10: Starting rank 26 (using batch size 5)
2025-06-26 12:57:10: Done 0/0 in 0 @ 0.000 per second - FINISHED rank 26

2025-06-26 12:57:10: Starting rank 27 (using batch size 5)
2025-06-26 12:57:10: Done 0/0 in 0 @ 0.000 per second - FINISHED rank 27

2025-06-26 12:57:10: Starting rank 28 (using batch size 5)
2025-06-26 12:57:10: Done 0/0 in 0 @ 0.000 per second - FINISHED rank 28

2025-06-26 12:57:10: Starting rank 29 (using batch size 5)
2025-06-26 12:57:10: Done 0/0 in 0 @ 0.000 per second - FINISHED rank 29

2025-06-26 12:57:10: Starting rank 30 (using batch size 20)
2025-06-26 12:57:10: Done 0/0 in 0 @ 0.000 per second - FINISHED rank 30

2025-06-26 12:57:10: Starting rank 0 (using batch size 1)
2025-06-26 12:57:11: Done 0/0 in 0 @ 0.000 per second - FINISHED rank 0

2025-06-26 12:57:11: Starting interpolation lines (location_property_osmline) (using batch size 20)
2025-06-26 12:57:11: Done 0/0 in 0 @ 0.000 per second - FINISHED interpolation lines (location_property_osmline)

2025-06-26 12:57:11: Starting indexing postcodes using 15 threads
2025-06-26 12:57:11: Starting postcodes (location_postcode) (using batch size 20)
2025-06-26 12:57:11: Done 0/0 in 0 @ 0.000 per second - FINISHED postcodes (location_postcode)

2025-06-26 12:57:11: Update completed. Import: 0:00:03. Total: 0:00:03. Remaining backlog: 16:36:31.
+ source /nominatim_env.sh
++ export PYTHONUNBUFFERED=1
++ PYTHONUNBUFFERED=1
++ export HOSTNAME=bf2004237c7b
++ HOSTNAME=bf2004237c7b
++ export PGPORT=5432
++ PGPORT=5432
++ export USER_AGENT=mediagis/nominatim-docker:5.1.0
++ USER_AGENT=mediagis/nominatim-docker:5.1.0
++ export 'PGPASSWORD=Oussama0909!'
++ PGPASSWORD='Oussama0909!'
++ export PBF_URL=https://download.geofabrik.de/europe/monaco-latest.osm.pbf
++ PBF_URL=https://download.geofabrik.de/europe/monaco-latest.osm.pbf
++ export 'NOMINATIM_PASSWORD=Oussama0909!'
++ NOMINATIM_PASSWORD='Oussama0909!'
++ export PGSSLCERT=/tmp/postgresql.crt
++ PGSSLCERT=/tmp/postgresql.crt
++ export PROJECT_DIR=/nominatim
++ PROJECT_DIR=/nominatim
++ export PWD=/nominatim
++ PWD=/nominatim
++ export IMPORT_WIKIPEDIA=true
++ IMPORT_WIKIPEDIA=true
++ export HOME=/root
++ HOME=/root
++ export LANG=C.utf8
++ LANG=C.utf8
++ export VIRTUAL_ENV=/opt/nominatim-venv
++ VIRTUAL_ENV=/opt/nominatim-venv
++ export PGUSER=postgres
++ PGUSER=postgres
++ export TERM=xterm
++ TERM=xterm
++ export SHLVL=2
++ SHLVL=2
++ export PGDATABASE=nominatimdb
++ PGDATABASE=nominatimdb
++ export LD_LIBRARY_PATH=/usr/pgsql-16/lib
++ LD_LIBRARY_PATH=/usr/pgsql-16/lib
++ export PGHOST=nominatimdb.c7gqmm4ayxos.eu-west-3.rds.amazonaws.com
++ PGHOST=nominatimdb.c7gqmm4ayxos.eu-west-3.rds.amazonaws.com
++ export DEBUGINFOD_IMA_CERT_PATH=/etc/keys/ima:
++ DEBUGINFOD_IMA_CERT_PATH=/etc/keys/ima:
++ export which_declare=declare -f
++ which_declare=declare
/nominatim_env.sh: line 22: export: `-f': not a valid identifier
++ export PATH=/root/.local/bin:/root/bin:/usr/pgsql-16/bin:/opt/nominatim-venv/bin:/usr/local/sbin:/usr/local/bin:/usr/sbin:/usr/bin:/sbin:/bin
++ PATH=/root/.local/bin:/root/bin:/usr/pgsql-16/bin:/opt/nominatim-venv/bin:/usr/local/sbin:/usr/local/bin:/usr/sbin:/usr/bin:/sbin:/bin
/nominatim_env.sh: line 24: syntax error near unexpected token `('
/nominatim_env.sh: line 24: `export BASH_FUNC_which%%=() {  ( alias;'
+ cd /nominatim
+ nominatim replication --catch-up --threads 15
2025-06-26 12:58:04: Using project directory: /nominatim
2025-06-26 12:58:09: Starting indexing rank (0 to 4) using 15 threads
2025-06-26 12:58:10: Starting rank 1 (using batch size 1)
2025-06-26 12:58:10: Done 0/0 in 0 @ 0.000 per second - FINISHED rank 1

2025-06-26 12:58:10: Starting rank 2 (using batch size 1)
2025-06-26 12:58:10: Done 0/0 in 0 @ 0.000 per second - FINISHED rank 2

2025-06-26 12:58:10: Starting rank 3 (using batch size 1)
2025-06-26 12:58:10: Done 0/0 in 0 @ 0.000 per second - FINISHED rank 3

2025-06-26 12:58:10: Starting rank 4 (using batch size 1)
2025-06-26 12:58:10: Done 0/0 in 0 @ 0.000 per second - FINISHED rank 4

2025-06-26 12:58:10: Starting indexing boundaries using 15 threads
2025-06-26 12:58:10: Starting boundaries rank 4 (using batch size 1)
2025-06-26 12:58:10: Done 0/0 in 0 @ 0.000 per second - FINISHED boundaries rank 4

2025-06-26 12:58:10: Starting boundaries rank 5 (using batch size 1)
2025-06-26 12:58:10: Done 0/0 in 0 @ 0.000 per second - FINISHED boundaries rank 5

2025-06-26 12:58:10: Starting boundaries rank 6 (using batch size 1)
2025-06-26 12:58:10: Done 0/0 in 0 @ 0.000 per second - FINISHED boundaries rank 6

2025-06-26 12:58:10: Starting boundaries rank 7 (using batch size 1)
2025-06-26 12:58:10: Done 0/0 in 0 @ 0.000 per second - FINISHED boundaries rank 7

2025-06-26 12:58:10: Starting boundaries rank 8 (using batch size 1)
2025-06-26 12:58:10: Done 0/0 in 0 @ 0.000 per second - FINISHED boundaries rank 8

2025-06-26 12:58:10: Starting boundaries rank 9 (using batch size 1)
2025-06-26 12:58:10: Done 0/0 in 0 @ 0.000 per second - FINISHED boundaries rank 9

2025-06-26 12:58:10: Starting boundaries rank 10 (using batch size 1)
2025-06-26 12:58:10: Done 0/0 in 0 @ 0.000 per second - FINISHED boundaries rank 10

2025-06-26 12:58:10: Starting boundaries rank 11 (using batch size 1)
2025-06-26 12:58:10: Done 0/0 in 0 @ 0.000 per second - FINISHED boundaries rank 11

2025-06-26 12:58:10: Starting boundaries rank 12 (using batch size 1)
2025-06-26 12:58:10: Done 0/0 in 0 @ 0.000 per second - FINISHED boundaries rank 12

2025-06-26 12:58:10: Starting boundaries rank 13 (using batch size 1)
2025-06-26 12:58:10: Done 0/0 in 0 @ 0.000 per second - FINISHED boundaries rank 13

2025-06-26 12:58:10: Starting boundaries rank 14 (using batch size 1)
2025-06-26 12:58:10: Done 0/0 in 0 @ 0.000 per second - FINISHED boundaries rank 14

2025-06-26 12:58:10: Starting boundaries rank 15 (using batch size 1)
2025-06-26 12:58:10: Done 0/0 in 0 @ 0.000 per second - FINISHED boundaries rank 15

2025-06-26 12:58:10: Starting boundaries rank 16 (using batch size 1)
2025-06-26 12:58:10: Done 0/0 in 0 @ 0.000 per second - FINISHED boundaries rank 16

2025-06-26 12:58:10: Starting boundaries rank 17 (using batch size 1)
2025-06-26 12:58:10: Done 0/0 in 0 @ 0.000 per second - FINISHED boundaries rank 17

2025-06-26 12:58:10: Starting boundaries rank 18 (using batch size 1)
2025-06-26 12:58:10: Done 0/0 in 0 @ 0.000 per second - FINISHED boundaries rank 18

2025-06-26 12:58:10: Starting boundaries rank 19 (using batch size 1)
2025-06-26 12:58:10: Done 0/0 in 0 @ 0.000 per second - FINISHED boundaries rank 19

2025-06-26 12:58:10: Starting boundaries rank 20 (using batch size 1)
2025-06-26 12:58:10: Done 0/0 in 0 @ 0.000 per second - FINISHED boundaries rank 20

2025-06-26 12:58:10: Starting boundaries rank 21 (using batch size 1)
2025-06-26 12:58:10: Done 0/0 in 0 @ 0.000 per second - FINISHED boundaries rank 21

2025-06-26 12:58:10: Starting boundaries rank 22 (using batch size 1)
2025-06-26 12:58:10: Done 0/0 in 0 @ 0.000 per second - FINISHED boundaries rank 22

2025-06-26 12:58:10: Starting boundaries rank 23 (using batch size 1)
2025-06-26 12:58:10: Done 0/0 in 0 @ 0.000 per second - FINISHED boundaries rank 23

2025-06-26 12:58:10: Starting boundaries rank 24 (using batch size 1)
2025-06-26 12:58:10: Done 0/0 in 0 @ 0.000 per second - FINISHED boundaries rank 24

2025-06-26 12:58:10: Starting boundaries rank 25 (using batch size 1)
2025-06-26 12:58:10: Done 0/0 in 0 @ 0.000 per second - FINISHED boundaries rank 25

2025-06-26 12:58:10: Starting indexing rank (5 to 25) using 15 threads
2025-06-26 12:58:11: Starting rank 5 (using batch size 1)
2025-06-26 12:58:11: Done 0/0 in 0 @ 0.000 per second - FINISHED rank 5

2025-06-26 12:58:11: Starting rank 6 (using batch size 1)
2025-06-26 12:58:11: Done 0/0 in 0 @ 0.000 per second - FINISHED rank 6

2025-06-26 12:58:11: Starting rank 7 (using batch size 1)
2025-06-26 12:58:11: Done 0/0 in 0 @ 0.000 per second - FINISHED rank 7

2025-06-26 12:58:11: Starting rank 8 (using batch size 1)
2025-06-26 12:58:11: Done 0/0 in 0 @ 0.000 per second - FINISHED rank 8

2025-06-26 12:58:11: Starting rank 9 (using batch size 1)
2025-06-26 12:58:11: Done 0/0 in 0 @ 0.000 per second - FINISHED rank 9

2025-06-26 12:58:11: Starting rank 10 (using batch size 1)
2025-06-26 12:58:11: Done 0/0 in 0 @ 0.000 per second - FINISHED rank 10

2025-06-26 12:58:11: Starting rank 11 (using batch size 1)
2025-06-26 12:58:11: Done 0/0 in 0 @ 0.000 per second - FINISHED rank 11

2025-06-26 12:58:11: Starting rank 12 (using batch size 1)
2025-06-26 12:58:11: Done 0/0 in 0 @ 0.000 per second - FINISHED rank 12

2025-06-26 12:58:11: Starting rank 13 (using batch size 1)
2025-06-26 12:58:11: Done 0/0 in 0 @ 0.000 per second - FINISHED rank 13

2025-06-26 12:58:11: Starting rank 14 (using batch size 1)
2025-06-26 12:58:11: Done 0/0 in 0 @ 0.000 per second - FINISHED rank 14

2025-06-26 12:58:11: Starting rank 15 (using batch size 1)
2025-06-26 12:58:11: Done 0/0 in 0 @ 0.000 per second - FINISHED rank 15

2025-06-26 12:58:11: Starting rank 16 (using batch size 1)
2025-06-26 12:58:11: Done 0/0 in 0 @ 0.000 per second - FINISHED rank 16

2025-06-26 12:58:11: Starting rank 17 (using batch size 1)
2025-06-26 12:58:11: Done 0/0 in 0 @ 0.000 per second - FINISHED rank 17

2025-06-26 12:58:11: Starting rank 18 (using batch size 1)
2025-06-26 12:58:11: Done 0/0 in 0 @ 0.000 per second - FINISHED rank 18

2025-06-26 12:58:11: Starting rank 19 (using batch size 1)
2025-06-26 12:58:11: Done 0/0 in 0 @ 0.000 per second - FINISHED rank 19

2025-06-26 12:58:11: Starting rank 20 (using batch size 1)
2025-06-26 12:58:11: Done 0/0 in 0 @ 0.000 per second - FINISHED rank 20

2025-06-26 12:58:11: Starting rank 21 (using batch size 1)
2025-06-26 12:58:11: Done 0/0 in 0 @ 0.000 per second - FINISHED rank 21

2025-06-26 12:58:11: Starting rank 22 (using batch size 1)
2025-06-26 12:58:11: Done 0/0 in 0 @ 0.000 per second - FINISHED rank 22

2025-06-26 12:58:11: Starting rank 23 (using batch size 1)
2025-06-26 12:58:11: Done 0/0 in 0 @ 0.000 per second - FINISHED rank 23

2025-06-26 12:58:11: Starting rank 24 (using batch size 1)
2025-06-26 12:58:11: Done 0/0 in 0 @ 0.000 per second - FINISHED rank 24

2025-06-26 12:58:11: Starting rank 25 (using batch size 1)
2025-06-26 12:58:11: Done 0/0 in 0 @ 0.000 per second - FINISHED rank 25

2025-06-26 12:58:11: Starting indexing rank (26 to 30) using 15 threads
2025-06-26 12:58:11: Starting rank 26 (using batch size 5)
2025-06-26 12:58:11: Done 0/0 in 0 @ 0.000 per second - FINISHED rank 26

2025-06-26 12:58:11: Starting rank 27 (using batch size 5)
2025-06-26 12:58:11: Done 0/0 in 0 @ 0.000 per second - FINISHED rank 27

2025-06-26 12:58:11: Starting rank 28 (using batch size 5)
2025-06-26 12:58:11: Done 0/0 in 0 @ 0.000 per second - FINISHED rank 28

2025-06-26 12:58:11: Starting rank 29 (using batch size 5)
2025-06-26 12:58:11: Done 0/0 in 0 @ 0.000 per second - FINISHED rank 29

2025-06-26 12:58:11: Starting rank 30 (using batch size 20)
2025-06-26 12:58:11: Done 0/0 in 0 @ 0.000 per second - FINISHED rank 30

2025-06-26 12:58:11: Starting rank 0 (using batch size 1)
2025-06-26 12:58:12: Done 0/0 in 0 @ 0.000 per second - FINISHED rank 0

2025-06-26 12:58:12: Starting interpolation lines (location_property_osmline) (using batch size 20)
2025-06-26 12:58:12: Done 0/0 in 0 @ 0.000 per second - FINISHED interpolation lines (location_property_osmline)

2025-06-26 12:58:12: Starting indexing postcodes using 15 threads
2025-06-26 12:58:12: Starting postcodes (location_postcode) (using batch size 20)
2025-06-26 12:58:12: Done 0/0 in 0 @ 0.000 per second - FINISHED postcodes (location_postcode)

2025-06-26 12:58:12: Update completed. Import: 0:00:03. Total: 0:00:03. Remaining backlog: 16:37:32.
+ source /nominatim_env.sh
++ export PYTHONUNBUFFERED=1
++ PYTHONUNBUFFERED=1
++ export HOSTNAME=bf2004237c7b
++ HOSTNAME=bf2004237c7b
++ export PGPORT=5432
++ PGPORT=5432
++ export USER_AGENT=mediagis/nominatim-docker:5.1.0
++ USER_AGENT=mediagis/nominatim-docker:5.1.0
++ export 'PGPASSWORD=Oussama0909!'
++ PGPASSWORD='Oussama0909!'
++ export PBF_URL=https://download.geofabrik.de/europe/monaco-latest.osm.pbf
++ PBF_URL=https://download.geofabrik.de/europe/monaco-latest.osm.pbf
++ export 'NOMINATIM_PASSWORD=Oussama0909!'
++ NOMINATIM_PASSWORD='Oussama0909!'
++ export PGSSLCERT=/tmp/postgresql.crt
++ PGSSLCERT=/tmp/postgresql.crt
++ export PROJECT_DIR=/nominatim
++ PROJECT_DIR=/nominatim
++ export PWD=/nominatim
++ PWD=/nominatim
++ export IMPORT_WIKIPEDIA=true
++ IMPORT_WIKIPEDIA=true
++ export HOME=/root
++ HOME=/root
++ export LANG=C.utf8
++ LANG=C.utf8
++ export VIRTUAL_ENV=/opt/nominatim-venv
++ VIRTUAL_ENV=/opt/nominatim-venv
++ export PGUSER=postgres
++ PGUSER=postgres
++ export TERM=xterm
++ TERM=xterm
++ export SHLVL=2
++ SHLVL=2
++ export PGDATABASE=nominatimdb
++ PGDATABASE=nominatimdb
++ export LD_LIBRARY_PATH=/usr/pgsql-16/lib
++ LD_LIBRARY_PATH=/usr/pgsql-16/lib
++ export PGHOST=nominatimdb.c7gqmm4ayxos.eu-west-3.rds.amazonaws.com
++ PGHOST=nominatimdb.c7gqmm4ayxos.eu-west-3.rds.amazonaws.com
++ export DEBUGINFOD_IMA_CERT_PATH=/etc/keys/ima:
++ DEBUGINFOD_IMA_CERT_PATH=/etc/keys/ima:
++ export which_declare=declare -f
++ which_declare=declare
/nominatim_env.sh: line 22: export: `-f': not a valid identifier
++ export PATH=/root/.local/bin:/root/bin:/usr/pgsql-16/bin:/opt/nominatim-venv/bin:/usr/local/sbin:/usr/local/bin:/usr/sbin:/usr/bin:/sbin:/bin
++ PATH=/root/.local/bin:/root/bin:/usr/pgsql-16/bin:/opt/nominatim-venv/bin:/usr/local/sbin:/usr/local/bin:/usr/sbin:/usr/bin:/sbin:/bin
/nominatim_env.sh: line 24: syntax error near unexpected token `('
/nominatim_env.sh: line 24: `export BASH_FUNC_which%%=() {  ( alias;'
+ cd /nominatim
+ nominatim replication --catch-up --threads 15
2025-06-26 12:59:04: Using project directory: /nominatim
2025-06-26 12:59:08: Starting indexing rank (0 to 4) using 15 threads
2025-06-26 12:59:08: Starting rank 1 (using batch size 1)
2025-06-26 12:59:08: Done 0/0 in 0 @ 0.000 per second - FINISHED rank 1

2025-06-26 12:59:08: Starting rank 2 (using batch size 1)
2025-06-26 12:59:08: Done 0/0 in 0 @ 0.000 per second - FINISHED rank 2

2025-06-26 12:59:08: Starting rank 3 (using batch size 1)
2025-06-26 12:59:08: Done 0/0 in 0 @ 0.000 per second - FINISHED rank 3

2025-06-26 12:59:08: Starting rank 4 (using batch size 1)
2025-06-26 12:59:08: Done 0/0 in 0 @ 0.000 per second - FINISHED rank 4

2025-06-26 12:59:08: Starting indexing boundaries using 15 threads
2025-06-26 12:59:08: Starting boundaries rank 4 (using batch size 1)
2025-06-26 12:59:08: Done 0/0 in 0 @ 0.000 per second - FINISHED boundaries rank 4

2025-06-26 12:59:08: Starting boundaries rank 5 (using batch size 1)
2025-06-26 12:59:08: Done 0/0 in 0 @ 0.000 per second - FINISHED boundaries rank 5

2025-06-26 12:59:08: Starting boundaries rank 6 (using batch size 1)
2025-06-26 12:59:08: Done 0/0 in 0 @ 0.000 per second - FINISHED boundaries rank 6

2025-06-26 12:59:08: Starting boundaries rank 7 (using batch size 1)
2025-06-26 12:59:08: Done 0/0 in 0 @ 0.000 per second - FINISHED boundaries rank 7

2025-06-26 12:59:08: Starting boundaries rank 8 (using batch size 1)
2025-06-26 12:59:08: Done 0/0 in 0 @ 0.000 per second - FINISHED boundaries rank 8

2025-06-26 12:59:08: Starting boundaries rank 9 (using batch size 1)
2025-06-26 12:59:08: Done 0/0 in 0 @ 0.000 per second - FINISHED boundaries rank 9

2025-06-26 12:59:08: Starting boundaries rank 10 (using batch size 1)
2025-06-26 12:59:08: Done 0/0 in 0 @ 0.000 per second - FINISHED boundaries rank 10

2025-06-26 12:59:08: Starting boundaries rank 11 (using batch size 1)
2025-06-26 12:59:08: Done 0/0 in 0 @ 0.000 per second - FINISHED boundaries rank 11

2025-06-26 12:59:08: Starting boundaries rank 12 (using batch size 1)
2025-06-26 12:59:08: Done 0/0 in 0 @ 0.000 per second - FINISHED boundaries rank 12

2025-06-26 12:59:08: Starting boundaries rank 13 (using batch size 1)
2025-06-26 12:59:08: Done 0/0 in 0 @ 0.000 per second - FINISHED boundaries rank 13

2025-06-26 12:59:08: Starting boundaries rank 14 (using batch size 1)
2025-06-26 12:59:08: Done 0/0 in 0 @ 0.000 per second - FINISHED boundaries rank 14

2025-06-26 12:59:08: Starting boundaries rank 15 (using batch size 1)
2025-06-26 12:59:08: Done 0/0 in 0 @ 0.000 per second - FINISHED boundaries rank 15

2025-06-26 12:59:08: Starting boundaries rank 16 (using batch size 1)
2025-06-26 12:59:08: Done 0/0 in 0 @ 0.000 per second - FINISHED boundaries rank 16

2025-06-26 12:59:08: Starting boundaries rank 17 (using batch size 1)
2025-06-26 12:59:08: Done 0/0 in 0 @ 0.000 per second - FINISHED boundaries rank 17

2025-06-26 12:59:08: Starting boundaries rank 18 (using batch size 1)
2025-06-26 12:59:08: Done 0/0 in 0 @ 0.000 per second - FINISHED boundaries rank 18

2025-06-26 12:59:08: Starting boundaries rank 19 (using batch size 1)
2025-06-26 12:59:08: Done 0/0 in 0 @ 0.000 per second - FINISHED boundaries rank 19

2025-06-26 12:59:08: Starting boundaries rank 20 (using batch size 1)
2025-06-26 12:59:08: Done 0/0 in 0 @ 0.000 per second - FINISHED boundaries rank 20

2025-06-26 12:59:08: Starting boundaries rank 21 (using batch size 1)
2025-06-26 12:59:08: Done 0/0 in 0 @ 0.000 per second - FINISHED boundaries rank 21

2025-06-26 12:59:08: Starting boundaries rank 22 (using batch size 1)
2025-06-26 12:59:08: Done 0/0 in 0 @ 0.000 per second - FINISHED boundaries rank 22

2025-06-26 12:59:08: Starting boundaries rank 23 (using batch size 1)
2025-06-26 12:59:08: Done 0/0 in 0 @ 0.000 per second - FINISHED boundaries rank 23

2025-06-26 12:59:08: Starting boundaries rank 24 (using batch size 1)
2025-06-26 12:59:08: Done 0/0 in 0 @ 0.000 per second - FINISHED boundaries rank 24

2025-06-26 12:59:08: Starting boundaries rank 25 (using batch size 1)
2025-06-26 12:59:08: Done 0/0 in 0 @ 0.000 per second - FINISHED boundaries rank 25

2025-06-26 12:59:08: Starting indexing rank (5 to 25) using 15 threads
2025-06-26 12:59:09: Starting rank 5 (using batch size 1)
2025-06-26 12:59:09: Done 0/0 in 0 @ 0.000 per second - FINISHED rank 5

2025-06-26 12:59:09: Starting rank 6 (using batch size 1)
2025-06-26 12:59:09: Done 0/0 in 0 @ 0.000 per second - FINISHED rank 6

2025-06-26 12:59:09: Starting rank 7 (using batch size 1)
2025-06-26 12:59:09: Done 0/0 in 0 @ 0.000 per second - FINISHED rank 7

2025-06-26 12:59:09: Starting rank 8 (using batch size 1)
2025-06-26 12:59:09: Done 0/0 in 0 @ 0.000 per second - FINISHED rank 8

2025-06-26 12:59:09: Starting rank 9 (using batch size 1)
2025-06-26 12:59:09: Done 0/0 in 0 @ 0.000 per second - FINISHED rank 9

2025-06-26 12:59:09: Starting rank 10 (using batch size 1)
2025-06-26 12:59:09: Done 0/0 in 0 @ 0.000 per second - FINISHED rank 10

2025-06-26 12:59:09: Starting rank 11 (using batch size 1)
2025-06-26 12:59:09: Done 0/0 in 0 @ 0.000 per second - FINISHED rank 11

2025-06-26 12:59:09: Starting rank 12 (using batch size 1)
2025-06-26 12:59:09: Done 0/0 in 0 @ 0.000 per second - FINISHED rank 12

2025-06-26 12:59:09: Starting rank 13 (using batch size 1)
2025-06-26 12:59:09: Done 0/0 in 0 @ 0.000 per second - FINISHED rank 13

2025-06-26 12:59:09: Starting rank 14 (using batch size 1)
2025-06-26 12:59:09: Done 0/0 in 0 @ 0.000 per second - FINISHED rank 14

2025-06-26 12:59:09: Starting rank 15 (using batch size 1)
2025-06-26 12:59:09: Done 0/0 in 0 @ 0.000 per second - FINISHED rank 15

2025-06-26 12:59:09: Starting rank 16 (using batch size 1)
2025-06-26 12:59:09: Done 0/0 in 0 @ 0.000 per second - FINISHED rank 16

2025-06-26 12:59:09: Starting rank 17 (using batch size 1)
2025-06-26 12:59:09: Done 0/0 in 0 @ 0.000 per second - FINISHED rank 17

2025-06-26 12:59:09: Starting rank 18 (using batch size 1)
2025-06-26 12:59:09: Done 0/0 in 0 @ 0.000 per second - FINISHED rank 18

2025-06-26 12:59:09: Starting rank 19 (using batch size 1)
2025-06-26 12:59:09: Done 0/0 in 0 @ 0.000 per second - FINISHED rank 19

2025-06-26 12:59:09: Starting rank 20 (using batch size 1)
2025-06-26 12:59:09: Done 0/0 in 0 @ 0.000 per second - FINISHED rank 20

2025-06-26 12:59:09: Starting rank 21 (using batch size 1)
2025-06-26 12:59:09: Done 0/0 in 0 @ 0.000 per second - FINISHED rank 21

2025-06-26 12:59:09: Starting rank 22 (using batch size 1)
2025-06-26 12:59:09: Done 0/0 in 0 @ 0.000 per second - FINISHED rank 22

2025-06-26 12:59:09: Starting rank 23 (using batch size 1)
2025-06-26 12:59:09: Done 0/0 in 0 @ 0.000 per second - FINISHED rank 23

2025-06-26 12:59:09: Starting rank 24 (using batch size 1)
2025-06-26 12:59:09: Done 0/0 in 0 @ 0.000 per second - FINISHED rank 24

2025-06-26 12:59:09: Starting rank 25 (using batch size 1)
2025-06-26 12:59:09: Done 0/0 in 0 @ 0.000 per second - FINISHED rank 25

2025-06-26 12:59:09: Starting indexing rank (26 to 30) using 15 threads
2025-06-26 12:59:09: Starting rank 26 (using batch size 5)
2025-06-26 12:59:09: Done 0/0 in 0 @ 0.000 per second - FINISHED rank 26

2025-06-26 12:59:09: Starting rank 27 (using batch size 5)
2025-06-26 12:59:09: Done 0/0 in 0 @ 0.000 per second - FINISHED rank 27

2025-06-26 12:59:09: Starting rank 28 (using batch size 5)
2025-06-26 12:59:09: Done 0/0 in 0 @ 0.000 per second - FINISHED rank 28

2025-06-26 12:59:09: Starting rank 29 (using batch size 5)
2025-06-26 12:59:09: Done 0/0 in 0 @ 0.000 per second - FINISHED rank 29

2025-06-26 12:59:09: Starting rank 30 (using batch size 20)
2025-06-26 12:59:09: Done 0/0 in 0 @ 0.000 per second - FINISHED rank 30

2025-06-26 12:59:09: Starting rank 0 (using batch size 1)
2025-06-26 12:59:10: Done 0/0 in 0 @ 0.000 per second - FINISHED rank 0

2025-06-26 12:59:10: Starting interpolation lines (location_property_osmline) (using batch size 20)
2025-06-26 12:59:10: Done 0/0 in 0 @ 0.000 per second - FINISHED interpolation lines (location_property_osmline)

2025-06-26 12:59:10: Starting indexing postcodes using 15 threads
2025-06-26 12:59:10: Starting postcodes (location_postcode) (using batch size 20)
2025-06-26 12:59:10: Done 0/0 in 0 @ 0.000 per second - FINISHED postcodes (location_postcode)

2025-06-26 12:59:10: Update completed. Import: 0:00:03. Total: 0:00:03. Remaining backlog: 16:38:30.
+ source /nominatim_env.sh
++ export PYTHONUNBUFFERED=1
++ PYTHONUNBUFFERED=1
++ export HOSTNAME=bf2004237c7b
++ HOSTNAME=bf2004237c7b
++ export PGPORT=5432
++ PGPORT=5432
++ export USER_AGENT=mediagis/nominatim-docker:5.1.0
++ USER_AGENT=mediagis/nominatim-docker:5.1.0
++ export 'PGPASSWORD=Oussama0909!'
++ PGPASSWORD='Oussama0909!'
++ export PBF_URL=https://download.geofabrik.de/europe/monaco-latest.osm.pbf
++ PBF_URL=https://download.geofabrik.de/europe/monaco-latest.osm.pbf
++ export 'NOMINATIM_PASSWORD=Oussama0909!'
++ NOMINATIM_PASSWORD='Oussama0909!'
++ export PGSSLCERT=/tmp/postgresql.crt
++ PGSSLCERT=/tmp/postgresql.crt
++ export PROJECT_DIR=/nominatim
++ PROJECT_DIR=/nominatim
++ export PWD=/nominatim
++ PWD=/nominatim
++ export IMPORT_WIKIPEDIA=true
++ IMPORT_WIKIPEDIA=true
++ export HOME=/root
++ HOME=/root
++ export LANG=C.utf8
++ LANG=C.utf8
++ export VIRTUAL_ENV=/opt/nominatim-venv
++ VIRTUAL_ENV=/opt/nominatim-venv
++ export PGUSER=postgres
++ PGUSER=postgres
++ export TERM=xterm
++ TERM=xterm
++ export SHLVL=2
++ SHLVL=2
++ export PGDATABASE=nominatimdb
++ PGDATABASE=nominatimdb
++ export LD_LIBRARY_PATH=/usr/pgsql-16/lib
++ LD_LIBRARY_PATH=/usr/pgsql-16/lib
++ export PGHOST=nominatimdb.c7gqmm4ayxos.eu-west-3.rds.amazonaws.com
++ PGHOST=nominatimdb.c7gqmm4ayxos.eu-west-3.rds.amazonaws.com
++ export DEBUGINFOD_IMA_CERT_PATH=/etc/keys/ima:
++ DEBUGINFOD_IMA_CERT_PATH=/etc/keys/ima:
++ export which_declare=declare -f
++ which_declare=declare
/nominatim_env.sh: line 22: export: `-f': not a valid identifier
++ export PATH=/root/.local/bin:/root/bin:/usr/pgsql-16/bin:/opt/nominatim-venv/bin:/usr/local/sbin:/usr/local/bin:/usr/sbin:/usr/bin:/sbin:/bin
++ PATH=/root/.local/bin:/root/bin:/usr/pgsql-16/bin:/opt/nominatim-venv/bin:/usr/local/sbin:/usr/local/bin:/usr/sbin:/usr/bin:/sbin:/bin
/nominatim_env.sh: line 24: syntax error near unexpected token `('
/nominatim_env.sh: line 24: `export BASH_FUNC_which%%=() {  ( alias;'
+ cd /nominatim
+ nominatim replication --catch-up --threads 15
2025-06-26 13:00:06: Using project directory: /nominatim
2025-06-26 13:00:09: Starting indexing rank (0 to 4) using 15 threads
2025-06-26 13:00:10: Starting rank 1 (using batch size 1)
2025-06-26 13:00:10: Done 0/0 in 0 @ 0.000 per second - FINISHED rank 1

2025-06-26 13:00:10: Starting rank 2 (using batch size 1)
2025-06-26 13:00:10: Done 0/0 in 0 @ 0.000 per second - FINISHED rank 2

2025-06-26 13:00:10: Starting rank 3 (using batch size 1)
2025-06-26 13:00:10: Done 0/0 in 0 @ 0.000 per second - FINISHED rank 3

2025-06-26 13:00:10: Starting rank 4 (using batch size 1)
2025-06-26 13:00:10: Done 0/0 in 0 @ 0.000 per second - FINISHED rank 4

2025-06-26 13:00:10: Starting indexing boundaries using 15 threads
2025-06-26 13:00:10: Starting boundaries rank 4 (using batch size 1)
2025-06-26 13:00:10: Done 0/0 in 0 @ 0.000 per second - FINISHED boundaries rank 4

2025-06-26 13:00:10: Starting boundaries rank 5 (using batch size 1)
2025-06-26 13:00:10: Done 0/0 in 0 @ 0.000 per second - FINISHED boundaries rank 5

2025-06-26 13:00:10: Starting boundaries rank 6 (using batch size 1)
2025-06-26 13:00:10: Done 0/0 in 0 @ 0.000 per second - FINISHED boundaries rank 6

2025-06-26 13:00:10: Starting boundaries rank 7 (using batch size 1)
2025-06-26 13:00:10: Done 0/0 in 0 @ 0.000 per second - FINISHED boundaries rank 7

2025-06-26 13:00:10: Starting boundaries rank 8 (using batch size 1)
2025-06-26 13:00:10: Done 0/0 in 0 @ 0.000 per second - FINISHED boundaries rank 8

2025-06-26 13:00:10: Starting boundaries rank 9 (using batch size 1)
2025-06-26 13:00:10: Done 0/0 in 0 @ 0.000 per second - FINISHED boundaries rank 9

2025-06-26 13:00:10: Starting boundaries rank 10 (using batch size 1)
2025-06-26 13:00:10: Done 0/0 in 0 @ 0.000 per second - FINISHED boundaries rank 10

2025-06-26 13:00:10: Starting boundaries rank 11 (using batch size 1)
2025-06-26 13:00:10: Done 0/0 in 0 @ 0.000 per second - FINISHED boundaries rank 11

2025-06-26 13:00:10: Starting boundaries rank 12 (using batch size 1)
2025-06-26 13:00:10: Done 0/0 in 0 @ 0.000 per second - FINISHED boundaries rank 12

2025-06-26 13:00:10: Starting boundaries rank 13 (using batch size 1)
2025-06-26 13:00:10: Done 0/0 in 0 @ 0.000 per second - FINISHED boundaries rank 13

2025-06-26 13:00:10: Starting boundaries rank 14 (using batch size 1)
2025-06-26 13:00:10: Done 0/0 in 0 @ 0.000 per second - FINISHED boundaries rank 14

2025-06-26 13:00:10: Starting boundaries rank 15 (using batch size 1)
2025-06-26 13:00:10: Done 0/0 in 0 @ 0.000 per second - FINISHED boundaries rank 15

2025-06-26 13:00:10: Starting boundaries rank 16 (using batch size 1)
2025-06-26 13:00:10: Done 0/0 in 0 @ 0.000 per second - FINISHED boundaries rank 16

2025-06-26 13:00:10: Starting boundaries rank 17 (using batch size 1)
2025-06-26 13:00:10: Done 0/0 in 0 @ 0.000 per second - FINISHED boundaries rank 17

2025-06-26 13:00:10: Starting boundaries rank 18 (using batch size 1)
2025-06-26 13:00:10: Done 0/0 in 0 @ 0.000 per second - FINISHED boundaries rank 18

2025-06-26 13:00:10: Starting boundaries rank 19 (using batch size 1)
2025-06-26 13:00:10: Done 0/0 in 0 @ 0.000 per second - FINISHED boundaries rank 19

2025-06-26 13:00:10: Starting boundaries rank 20 (using batch size 1)
2025-06-26 13:00:10: Done 0/0 in 0 @ 0.000 per second - FINISHED boundaries rank 20

2025-06-26 13:00:10: Starting boundaries rank 21 (using batch size 1)
2025-06-26 13:00:10: Done 0/0 in 0 @ 0.000 per second - FINISHED boundaries rank 21

2025-06-26 13:00:10: Starting boundaries rank 22 (using batch size 1)
2025-06-26 13:00:10: Done 0/0 in 0 @ 0.000 per second - FINISHED boundaries rank 22

2025-06-26 13:00:10: Starting boundaries rank 23 (using batch size 1)
2025-06-26 13:00:10: Done 0/0 in 0 @ 0.000 per second - FINISHED boundaries rank 23

2025-06-26 13:00:10: Starting boundaries rank 24 (using batch size 1)
2025-06-26 13:00:10: Done 0/0 in 0 @ 0.000 per second - FINISHED boundaries rank 24

2025-06-26 13:00:10: Starting boundaries rank 25 (using batch size 1)
2025-06-26 13:00:10: Done 0/0 in 0 @ 0.000 per second - FINISHED boundaries rank 25

2025-06-26 13:00:10: Starting indexing rank (5 to 25) using 15 threads
2025-06-26 13:00:11: Starting rank 5 (using batch size 1)
2025-06-26 13:00:11: Done 0/0 in 0 @ 0.000 per second - FINISHED rank 5

2025-06-26 13:00:11: Starting rank 6 (using batch size 1)
2025-06-26 13:00:11: Done 0/0 in 0 @ 0.000 per second - FINISHED rank 6

2025-06-26 13:00:11: Starting rank 7 (using batch size 1)
2025-06-26 13:00:11: Done 0/0 in 0 @ 0.000 per second - FINISHED rank 7

2025-06-26 13:00:11: Starting rank 8 (using batch size 1)
2025-06-26 13:00:11: Done 0/0 in 0 @ 0.000 per second - FINISHED rank 8

2025-06-26 13:00:11: Starting rank 9 (using batch size 1)
2025-06-26 13:00:11: Done 0/0 in 0 @ 0.000 per second - FINISHED rank 9

2025-06-26 13:00:11: Starting rank 10 (using batch size 1)
2025-06-26 13:00:11: Done 0/0 in 0 @ 0.000 per second - FINISHED rank 10

2025-06-26 13:00:11: Starting rank 11 (using batch size 1)
2025-06-26 13:00:11: Done 0/0 in 0 @ 0.000 per second - FINISHED rank 11

2025-06-26 13:00:11: Starting rank 12 (using batch size 1)
2025-06-26 13:00:11: Done 0/0 in 0 @ 0.000 per second - FINISHED rank 12

2025-06-26 13:00:11: Starting rank 13 (using batch size 1)
2025-06-26 13:00:11: Done 0/0 in 0 @ 0.000 per second - FINISHED rank 13

2025-06-26 13:00:11: Starting rank 14 (using batch size 1)
2025-06-26 13:00:11: Done 0/0 in 0 @ 0.000 per second - FINISHED rank 14

2025-06-26 13:00:11: Starting rank 15 (using batch size 1)
2025-06-26 13:00:11: Done 0/0 in 0 @ 0.000 per second - FINISHED rank 15

2025-06-26 13:00:11: Starting rank 16 (using batch size 1)
2025-06-26 13:00:11: Done 0/0 in 0 @ 0.000 per second - FINISHED rank 16

2025-06-26 13:00:11: Starting rank 17 (using batch size 1)
2025-06-26 13:00:11: Done 0/0 in 0 @ 0.000 per second - FINISHED rank 17

2025-06-26 13:00:11: Starting rank 18 (using batch size 1)
2025-06-26 13:00:11: Done 0/0 in 0 @ 0.000 per second - FINISHED rank 18

2025-06-26 13:00:11: Starting rank 19 (using batch size 1)
2025-06-26 13:00:11: Done 0/0 in 0 @ 0.000 per second - FINISHED rank 19

2025-06-26 13:00:11: Starting rank 20 (using batch size 1)
2025-06-26 13:00:11: Done 0/0 in 0 @ 0.000 per second - FINISHED rank 20

2025-06-26 13:00:11: Starting rank 21 (using batch size 1)
2025-06-26 13:00:11: Done 0/0 in 0 @ 0.000 per second - FINISHED rank 21

2025-06-26 13:00:11: Starting rank 22 (using batch size 1)
2025-06-26 13:00:11: Done 0/0 in 0 @ 0.000 per second - FINISHED rank 22

2025-06-26 13:00:11: Starting rank 23 (using batch size 1)
2025-06-26 13:00:11: Done 0/0 in 0 @ 0.000 per second - FINISHED rank 23

2025-06-26 13:00:11: Starting rank 24 (using batch size 1)
2025-06-26 13:00:11: Done 0/0 in 0 @ 0.000 per second - FINISHED rank 24

2025-06-26 13:00:11: Starting rank 25 (using batch size 1)
2025-06-26 13:00:11: Done 0/0 in 0 @ 0.000 per second - FINISHED rank 25

2025-06-26 13:00:11: Starting indexing rank (26 to 30) using 15 threads
2025-06-26 13:00:11: Starting rank 26 (using batch size 5)
2025-06-26 13:00:11: Done 0/0 in 0 @ 0.000 per second - FINISHED rank 26

2025-06-26 13:00:11: Starting rank 27 (using batch size 5)
2025-06-26 13:00:11: Done 0/0 in 0 @ 0.000 per second - FINISHED rank 27

2025-06-26 13:00:11: Starting rank 28 (using batch size 5)
2025-06-26 13:00:11: Done 0/0 in 0 @ 0.000 per second - FINISHED rank 28

2025-06-26 13:00:11: Starting rank 29 (using batch size 5)
2025-06-26 13:00:11: Done 0/0 in 0 @ 0.000 per second - FINISHED rank 29

2025-06-26 13:00:11: Starting rank 30 (using batch size 20)
2025-06-26 13:00:11: Done 0/0 in 0 @ 0.000 per second - FINISHED rank 30

2025-06-26 13:00:11: Starting rank 0 (using batch size 1)
2025-06-26 13:00:11: Done 0/0 in 0 @ 0.000 per second - FINISHED rank 0

2025-06-26 13:00:11: Starting interpolation lines (location_property_osmline) (using batch size 20)
2025-06-26 13:00:11: Done 0/0 in 0 @ 0.000 per second - FINISHED interpolation lines (location_property_osmline)

2025-06-26 13:00:11: Starting indexing postcodes using 15 threads
2025-06-26 13:00:11: Starting postcodes (location_postcode) (using batch size 20)
2025-06-26 13:00:12: Done 0/0 in 0 @ 0.000 per second - FINISHED postcodes (location_postcode)

2025-06-26 13:00:12: Update completed. Import: 0:00:03. Total: 0:00:03. Remaining backlog: 16:39:32.
+ source /nominatim_env.sh
++ export PYTHONUNBUFFERED=1
++ PYTHONUNBUFFERED=1
++ export HOSTNAME=bf2004237c7b
++ HOSTNAME=bf2004237c7b
++ export PGPORT=5432
++ PGPORT=5432
++ export USER_AGENT=mediagis/nominatim-docker:5.1.0
++ USER_AGENT=mediagis/nominatim-docker:5.1.0
++ export 'PGPASSWORD=Oussama0909!'
++ PGPASSWORD='Oussama0909!'
++ export PBF_URL=https://download.geofabrik.de/europe/monaco-latest.osm.pbf
++ PBF_URL=https://download.geofabrik.de/europe/monaco-latest.osm.pbf
++ export 'NOMINATIM_PASSWORD=Oussama0909!'
++ NOMINATIM_PASSWORD='Oussama0909!'
++ export PGSSLCERT=/tmp/postgresql.crt
++ PGSSLCERT=/tmp/postgresql.crt
++ export PROJECT_DIR=/nominatim
++ PROJECT_DIR=/nominatim
++ export PWD=/nominatim
++ PWD=/nominatim
++ export IMPORT_WIKIPEDIA=true
++ IMPORT_WIKIPEDIA=true
++ export HOME=/root
++ HOME=/root
++ export LANG=C.utf8
++ LANG=C.utf8
++ export VIRTUAL_ENV=/opt/nominatim-venv
++ VIRTUAL_ENV=/opt/nominatim-venv
++ export PGUSER=postgres
++ PGUSER=postgres
++ export TERM=xterm
++ TERM=xterm
++ export SHLVL=2
++ SHLVL=2
++ export PGDATABASE=nominatimdb
++ PGDATABASE=nominatimdb
++ export LD_LIBRARY_PATH=/usr/pgsql-16/lib
++ LD_LIBRARY_PATH=/usr/pgsql-16/lib
++ export PGHOST=nominatimdb.c7gqmm4ayxos.eu-west-3.rds.amazonaws.com
++ PGHOST=nominatimdb.c7gqmm4ayxos.eu-west-3.rds.amazonaws.com
++ export DEBUGINFOD_IMA_CERT_PATH=/etc/keys/ima:
++ DEBUGINFOD_IMA_CERT_PATH=/etc/keys/ima:
++ export which_declare=declare -f
++ which_declare=declare
/nominatim_env.sh: line 22: export: `-f': not a valid identifier
++ export PATH=/root/.local/bin:/root/bin:/usr/pgsql-16/bin:/opt/nominatim-venv/bin:/usr/local/sbin:/usr/local/bin:/usr/sbin:/usr/bin:/sbin:/bin
++ PATH=/root/.local/bin:/root/bin:/usr/pgsql-16/bin:/opt/nominatim-venv/bin:/usr/local/sbin:/usr/local/bin:/usr/sbin:/usr/bin:/sbin:/bin
/nominatim_env.sh: line 24: syntax error near unexpected token `('
/nominatim_env.sh: line 24: `export BASH_FUNC_which%%=() {  ( alias;'
+ cd /nominatim
+ nominatim replication --catch-up --threads 15
2025-06-26 13:01:06: Using project directory: /nominatim
2025-06-26 13:01:09: Starting indexing rank (0 to 4) using 15 threads
2025-06-26 13:01:10: Starting rank 1 (using batch size 1)
2025-06-26 13:01:10: Done 0/0 in 0 @ 0.000 per second - FINISHED rank 1

2025-06-26 13:01:10: Starting rank 2 (using batch size 1)
2025-06-26 13:01:10: Done 0/0 in 0 @ 0.000 per second - FINISHED rank 2

2025-06-26 13:01:10: Starting rank 3 (using batch size 1)
2025-06-26 13:01:10: Done 0/0 in 0 @ 0.000 per second - FINISHED rank 3

2025-06-26 13:01:10: Starting rank 4 (using batch size 1)
2025-06-26 13:01:10: Done 0/0 in 0 @ 0.000 per second - FINISHED rank 4

2025-06-26 13:01:10: Starting indexing boundaries using 15 threads
2025-06-26 13:01:10: Starting boundaries rank 4 (using batch size 1)
2025-06-26 13:01:10: Done 0/0 in 0 @ 0.000 per second - FINISHED boundaries rank 4

2025-06-26 13:01:10: Starting boundaries rank 5 (using batch size 1)
2025-06-26 13:01:10: Done 0/0 in 0 @ 0.000 per second - FINISHED boundaries rank 5

2025-06-26 13:01:10: Starting boundaries rank 6 (using batch size 1)
2025-06-26 13:01:10: Done 0/0 in 0 @ 0.000 per second - FINISHED boundaries rank 6

2025-06-26 13:01:10: Starting boundaries rank 7 (using batch size 1)
2025-06-26 13:01:10: Done 0/0 in 0 @ 0.000 per second - FINISHED boundaries rank 7

2025-06-26 13:01:10: Starting boundaries rank 8 (using batch size 1)
2025-06-26 13:01:10: Done 0/0 in 0 @ 0.000 per second - FINISHED boundaries rank 8

2025-06-26 13:01:10: Starting boundaries rank 9 (using batch size 1)
2025-06-26 13:01:10: Done 0/0 in 0 @ 0.000 per second - FINISHED boundaries rank 9

2025-06-26 13:01:10: Starting boundaries rank 10 (using batch size 1)
2025-06-26 13:01:10: Done 0/0 in 0 @ 0.000 per second - FINISHED boundaries rank 10

2025-06-26 13:01:10: Starting boundaries rank 11 (using batch size 1)
2025-06-26 13:01:10: Done 0/0 in 0 @ 0.000 per second - FINISHED boundaries rank 11

2025-06-26 13:01:10: Starting boundaries rank 12 (using batch size 1)
2025-06-26 13:01:10: Done 0/0 in 0 @ 0.000 per second - FINISHED boundaries rank 12

2025-06-26 13:01:10: Starting boundaries rank 13 (using batch size 1)
2025-06-26 13:01:10: Done 0/0 in 0 @ 0.000 per second - FINISHED boundaries rank 13

2025-06-26 13:01:10: Starting boundaries rank 14 (using batch size 1)
2025-06-26 13:01:10: Done 0/0 in 0 @ 0.000 per second - FINISHED boundaries rank 14

2025-06-26 13:01:10: Starting boundaries rank 15 (using batch size 1)
2025-06-26 13:01:10: Done 0/0 in 0 @ 0.000 per second - FINISHED boundaries rank 15

2025-06-26 13:01:10: Starting boundaries rank 16 (using batch size 1)
2025-06-26 13:01:10: Done 0/0 in 0 @ 0.000 per second - FINISHED boundaries rank 16

2025-06-26 13:01:10: Starting boundaries rank 17 (using batch size 1)
2025-06-26 13:01:10: Done 0/0 in 0 @ 0.000 per second - FINISHED boundaries rank 17

2025-06-26 13:01:10: Starting boundaries rank 18 (using batch size 1)
2025-06-26 13:01:10: Done 0/0 in 0 @ 0.000 per second - FINISHED boundaries rank 18

2025-06-26 13:01:10: Starting boundaries rank 19 (using batch size 1)
2025-06-26 13:01:10: Done 0/0 in 0 @ 0.000 per second - FINISHED boundaries rank 19

2025-06-26 13:01:10: Starting boundaries rank 20 (using batch size 1)
2025-06-26 13:01:10: Done 0/0 in 0 @ 0.000 per second - FINISHED boundaries rank 20

2025-06-26 13:01:10: Starting boundaries rank 21 (using batch size 1)
2025-06-26 13:01:10: Done 0/0 in 0 @ 0.000 per second - FINISHED boundaries rank 21

2025-06-26 13:01:10: Starting boundaries rank 22 (using batch size 1)
2025-06-26 13:01:10: Done 0/0 in 0 @ 0.000 per second - FINISHED boundaries rank 22

2025-06-26 13:01:10: Starting boundaries rank 23 (using batch size 1)
2025-06-26 13:01:10: Done 0/0 in 0 @ 0.000 per second - FINISHED boundaries rank 23

2025-06-26 13:01:10: Starting boundaries rank 24 (using batch size 1)
2025-06-26 13:01:10: Done 0/0 in 0 @ 0.000 per second - FINISHED boundaries rank 24

2025-06-26 13:01:10: Starting boundaries rank 25 (using batch size 1)
2025-06-26 13:01:10: Done 0/0 in 0 @ 0.000 per second - FINISHED boundaries rank 25

2025-06-26 13:01:10: Starting indexing rank (5 to 25) using 15 threads
2025-06-26 13:01:11: Starting rank 5 (using batch size 1)
2025-06-26 13:01:11: Done 0/0 in 0 @ 0.000 per second - FINISHED rank 5

2025-06-26 13:01:11: Starting rank 6 (using batch size 1)
2025-06-26 13:01:11: Done 0/0 in 0 @ 0.000 per second - FINISHED rank 6

2025-06-26 13:01:11: Starting rank 7 (using batch size 1)
2025-06-26 13:01:11: Done 0/0 in 0 @ 0.000 per second - FINISHED rank 7

2025-06-26 13:01:11: Starting rank 8 (using batch size 1)
2025-06-26 13:01:11: Done 0/0 in 0 @ 0.000 per second - FINISHED rank 8

2025-06-26 13:01:11: Starting rank 9 (using batch size 1)
2025-06-26 13:01:11: Done 0/0 in 0 @ 0.000 per second - FINISHED rank 9

2025-06-26 13:01:11: Starting rank 10 (using batch size 1)
2025-06-26 13:01:11: Done 0/0 in 0 @ 0.000 per second - FINISHED rank 10

2025-06-26 13:01:11: Starting rank 11 (using batch size 1)
2025-06-26 13:01:11: Done 0/0 in 0 @ 0.000 per second - FINISHED rank 11

2025-06-26 13:01:11: Starting rank 12 (using batch size 1)
2025-06-26 13:01:11: Done 0/0 in 0 @ 0.000 per second - FINISHED rank 12

2025-06-26 13:01:11: Starting rank 13 (using batch size 1)
2025-06-26 13:01:11: Done 0/0 in 0 @ 0.000 per second - FINISHED rank 13

2025-06-26 13:01:11: Starting rank 14 (using batch size 1)
2025-06-26 13:01:11: Done 0/0 in 0 @ 0.000 per second - FINISHED rank 14

2025-06-26 13:01:11: Starting rank 15 (using batch size 1)
2025-06-26 13:01:11: Done 0/0 in 0 @ 0.000 per second - FINISHED rank 15

2025-06-26 13:01:11: Starting rank 16 (using batch size 1)
2025-06-26 13:01:11: Done 0/0 in 0 @ 0.000 per second - FINISHED rank 16

2025-06-26 13:01:11: Starting rank 17 (using batch size 1)
2025-06-26 13:01:11: Done 0/0 in 0 @ 0.000 per second - FINISHED rank 17

2025-06-26 13:01:11: Starting rank 18 (using batch size 1)
2025-06-26 13:01:11: Done 0/0 in 0 @ 0.000 per second - FINISHED rank 18

2025-06-26 13:01:11: Starting rank 19 (using batch size 1)
2025-06-26 13:01:11: Done 0/0 in 0 @ 0.000 per second - FINISHED rank 19

2025-06-26 13:01:11: Starting rank 20 (using batch size 1)
2025-06-26 13:01:11: Done 0/0 in 0 @ 0.000 per second - FINISHED rank 20

2025-06-26 13:01:11: Starting rank 21 (using batch size 1)
2025-06-26 13:01:11: Done 0/0 in 0 @ 0.000 per second - FINISHED rank 21

2025-06-26 13:01:11: Starting rank 22 (using batch size 1)
2025-06-26 13:01:11: Done 0/0 in 0 @ 0.000 per second - FINISHED rank 22

2025-06-26 13:01:11: Starting rank 23 (using batch size 1)
2025-06-26 13:01:11: Done 0/0 in 0 @ 0.000 per second - FINISHED rank 23

2025-06-26 13:01:11: Starting rank 24 (using batch size 1)
2025-06-26 13:01:11: Done 0/0 in 0 @ 0.000 per second - FINISHED rank 24

2025-06-26 13:01:11: Starting rank 25 (using batch size 1)
2025-06-26 13:01:11: Done 0/0 in 0 @ 0.000 per second - FINISHED rank 25

2025-06-26 13:01:11: Starting indexing rank (26 to 30) using 15 threads
2025-06-26 13:01:11: Starting rank 26 (using batch size 5)
2025-06-26 13:01:11: Done 0/0 in 0 @ 0.000 per second - FINISHED rank 26

2025-06-26 13:01:11: Starting rank 27 (using batch size 5)
2025-06-26 13:01:11: Done 0/0 in 0 @ 0.000 per second - FINISHED rank 27

2025-06-26 13:01:11: Starting rank 28 (using batch size 5)
2025-06-26 13:01:11: Done 0/0 in 0 @ 0.000 per second - FINISHED rank 28

2025-06-26 13:01:11: Starting rank 29 (using batch size 5)
2025-06-26 13:01:11: Done 0/0 in 0 @ 0.000 per second - FINISHED rank 29

2025-06-26 13:01:11: Starting rank 30 (using batch size 20)
2025-06-26 13:01:11: Done 0/0 in 0 @ 0.000 per second - FINISHED rank 30

2025-06-26 13:01:11: Starting rank 0 (using batch size 1)
2025-06-26 13:01:11: Done 0/0 in 0 @ 0.000 per second - FINISHED rank 0

2025-06-26 13:01:11: Starting interpolation lines (location_property_osmline) (using batch size 20)
2025-06-26 13:01:11: Done 0/0 in 0 @ 0.000 per second - FINISHED interpolation lines (location_property_osmline)

2025-06-26 13:01:11: Starting indexing postcodes using 15 threads
2025-06-26 13:01:11: Starting postcodes (location_postcode) (using batch size 20)
2025-06-26 13:01:12: Done 0/0 in 0 @ 0.000 per second - FINISHED postcodes (location_postcode)

2025-06-26 13:01:12: Update completed. Import: 0:00:03. Total: 0:00:03. Remaining backlog: 16:40:32.
